<?xml version="1.0" encoding="UTF-8"?>
<!-- Generated by org.testng.reporters.JUnitXMLReporter -->
<testsuite ignored="0" hostname="Ritesh_Raj" failures="1" tests="2" name="LoginTests" time="17.322" errors="0" timestamp="2025-08-07T16:18:29 IST">
  <testcase classname="LoginTest" name="testValidLogin" time="0.306"/>
  <testcase classname="AddToCart" name="testAddProductToCart" time="0.581">
    <failure type="java.lang.AssertionError" message="Cart product mismatch! expected [] but found [Sauce Labs Backpack]">
      <![CDATA[java.lang.AssertionError: Cart product mismatch! expected [] but found [Sauce Labs Backpack]
at AddToCart.testAddProductToCart(AddToCart.java:29)
at java.base/java.util.ArrayList.forEach(ArrayList.java:1541)
... Removed 32 stack frames]]>
    </failure>
  </testcase> <!-- testAddProductToCart -->
</testsuite> <!-- LoginTests -->
